<?xml version="1.0" encoding="UTF-8"?>
<!-- Generated by org.testng.reporters.JUnitReportReporter -->
<testsuite hostname="AEADLT17910" failures="0" tests="1" name="MargoExpress.Mobile.Ecommerce_Tc_01" time="13.276" errors="0" timestamp="2024-10-14T16:31:14 GST" skipped="0">
  <testcase classname="MargoExpress.Mobile.Ecommerce_Tc_01" name="FillForm" time="13.276"/>
</testsuite> <!-- MargoExpress.Mobile.Ecommerce_Tc_01 -->
