<?xml version="1.0" encoding="UTF-8"?>
<!-- Generated by org.testng.reporters.JUnitReportReporter -->
<testsuite hostname="Roshin" failures="0" tests="3" name="MargoExpress.Mobile.Ecommerce_Tc_4_Hybrid" time="27.506" errors="0" timestamp="2024-10-21T22:06:23 GST" skipped="0">
  <testcase classname="MargoExpress.Mobile.Ecommerce_Tc_4_Hybrid" name="FillForm" time="16.273"/>
  <testcase classname="MargoExpress.Mobile.Ecommerce_Tc_4_Hybrid" name="verifyProductsAddedinCart" time="7.703"/>
  <testcase classname="MargoExpress.Mobile.Ecommerce_Tc_4_Hybrid" name="selectProduct" time="3.530"/>
</testsuite> <!-- MargoExpress.Mobile.Ecommerce_Tc_4_Hybrid -->
