<?xml version="1.0" encoding="UTF-8"?>
<!-- Generated by org.testng.reporters.JUnitReportReporter -->
<testsuite hostname="Roshin" failures="0" tests="3" name="MargoExpress.Mobile.Ecommerce_Tc_3" time="28.753" errors="0" timestamp="2024-10-21T21:17:35 GST" skipped="0">
  <testcase classname="MargoExpress.Mobile.Ecommerce_Tc_3" name="selectProduct" time="3.142"/>
  <testcase classname="MargoExpress.Mobile.Ecommerce_Tc_3" name="FillForm" time="18.244"/>
  <testcase classname="MargoExpress.Mobile.Ecommerce_Tc_3" name="verifyProductsAddedinCart" time="7.367"/>
</testsuite> <!-- MargoExpress.Mobile.Ecommerce_Tc_3 -->
