<?xml version="1.0" encoding="UTF-8"?>
<!-- Generated by org.testng.reporters.JUnitReportReporter -->
<testsuite hostname="AEADLT17910" failures="0" tests="1" name="MargoExpress.Mobile.Ecommerce_Tc_01" time="0.007" errors="0" timestamp="2024-10-14T15:38:56 GST" skipped="0">
  <testcase classname="MargoExpress.Mobile.Ecommerce_Tc_01" name="FillForm" time="0.007"/>
</testsuite> <!-- MargoExpress.Mobile.Ecommerce_Tc_01 -->
