<?xml version="1.0" encoding="UTF-8"?>
<!-- Generated by org.testng.reporters.JUnitReportReporter -->
<testsuite hostname="AEADLT17910" failures="0" tests="2" name="MargoExpress.Mobile.Ecommerce_Tc_2" time="17.000" errors="0" timestamp="2024-10-14T16:53:47 GST" skipped="0">
  <testcase classname="MargoExpress.Mobile.Ecommerce_Tc_2" name="FillForm" time="13.640"/>
  <testcase classname="MargoExpress.Mobile.Ecommerce_Tc_2" name="selectProduct" time="3.360"/>
</testsuite> <!-- MargoExpress.Mobile.Ecommerce_Tc_2 -->
