<?xml version="1.0" encoding="UTF-8"?>
<!-- Generated by org.testng.reporters.JUnitReportReporter -->
<testsuite hostname="AEADLT17910" failures="0" tests="3" name="MargoExpress.Mobile.Ecommerce_Tc_3" time="22.547" errors="0" timestamp="2024-10-21T13:02:45 GST" skipped="0">
  <testcase classname="MargoExpress.Mobile.Ecommerce_Tc_3" name="selectProduct" time="2.922"/>
  <testcase classname="MargoExpress.Mobile.Ecommerce_Tc_3" name="verifyProductsAddedinCart" time="6.420"/>
  <testcase classname="MargoExpress.Mobile.Ecommerce_Tc_3" name="FillForm" time="13.205"/>
</testsuite> <!-- MargoExpress.Mobile.Ecommerce_Tc_3 -->
