<?xml version="1.0" encoding="UTF-8"?>
<!-- Generated by org.testng.reporters.JUnitReportReporter -->
<testsuite hostname="Roshin" failures="0" tests="1" name="MargoExpress.Mobile.DragDropDemo" time="8.728" errors="0" timestamp="2024-10-02T02:35:46 GST" skipped="0">
  <testcase classname="MargoExpress.Mobile.DragDropDemo" name="ScrollDemoTest" time="8.728"/>
</testsuite> <!-- MargoExpress.Mobile.DragDropDemo -->
