<?xml version="1.0" encoding="UTF-8"?>
<!-- Generated by org.testng.reporters.JUnitReportReporter -->
<testsuite hostname="Roshin" failures="0" tests="1" name="MargoExpress.Mobile.ScrollDemo" time="12.262" errors="0" timestamp="2024-09-30T02:33:37 GST" skipped="0">
  <testcase classname="MargoExpress.Mobile.ScrollDemo" name="ScrollDemoTest" time="12.262"/>
</testsuite> <!-- MargoExpress.Mobile.ScrollDemo -->
