<?xml version="1.0" encoding="UTF-8"?>
<!-- Generated by org.testng.reporters.JUnitReportReporter -->
<testsuite hostname="Roshin" failures="0" tests="1" name="MargoExpress.Mobile.appiumbasetest" time="8.688" errors="0" timestamp="2024-09-29T01:43:51 GST" skipped="0">
  <testcase classname="MargoExpress.Mobile.appiumbasetest" name="WifiSettingName" time="8.688"/>
</testsuite> <!-- MargoExpress.Mobile.appiumbasetest -->
