<?xml version="1.0" encoding="UTF-8"?>
<!-- Generated by org.testng.reporters.JUnitReportReporter -->
<testsuite hostname="Roshin" failures="0" tests="1" name="MargoExpress.Mobile.LongPress" time="12.305" errors="0" timestamp="2024-09-29T02:28:29 GST" skipped="0">
  <testcase classname="MargoExpress.Mobile.LongPress" name="longPressGesture" time="12.305"/>
</testsuite> <!-- MargoExpress.Mobile.LongPress -->
