<?xml version="1.0" encoding="UTF-8"?>
<!-- Generated by org.testng.reporters.JUnitReportReporter -->
<testsuite hostname="AEADLT17910" failures="0" tests="1" name="MargoExpress.Mobile.ScrollDemo" time="3.512" errors="0" timestamp="2024-10-03T15:16:21 GST" skipped="0">
  <testcase classname="MargoExpress.Mobile.ScrollDemo" name="ScrollDemoTest" time="3.512"/>
</testsuite> <!-- MargoExpress.Mobile.ScrollDemo -->
